<?xml version="1.0" encoding="UTF-8"?>
<!-- Generated by org.testng.reporters.JUnitReportReporter -->
<testsuite hostname="DESKTOP-EIN1GKN" failures="0" tests="2" name="com.inetBanking_v11.testCases.TC_LoginTest_001" time="14.933" errors="0" timestamp="2022-11-27T22:00:44 IST" skipped="0">
  <testcase classname="com.inetBanking_v11.testCases.TC_LoginTest_001" name="getListMenu" time="0.063"/>
  <system-out/>
  <testcase classname="com.inetBanking_v11.testCases.TC_LoginTest_001" name="loginTest" time="14.870"/>
  <system-out/>
</testsuite> <!-- com.inetBanking_v11.testCases.TC_LoginTest_001 -->
