<?xml version="1.0" encoding="UTF-8"?>
<!-- Generated by org.testng.reporters.JUnitReportReporter -->
<testsuite hostname="DESKTOP-EIN1GKN" failures="0" tests="2" name="com.inetBanking_v11.testCases.TC_LoginTest_001" time="15.556" errors="0" timestamp="2022-11-28T11:51:05 IST" skipped="0">
  <testcase classname="com.inetBanking_v11.testCases.TC_LoginTest_001" name="getListMenu" time="0.201"/>
  <system-out/>
  <testcase classname="com.inetBanking_v11.testCases.TC_LoginTest_001" name="loginTest" time="15.355"/>
  <system-out/>
</testsuite> <!-- com.inetBanking_v11.testCases.TC_LoginTest_001 -->
